[2016-10-09 07:22:42] production.ERROR: RuntimeException: The only supported ciphers are AES-128-CBC and AES-256-CBC with the correct key lengths. in /var/www/html/web/itemsApiGit/bootstrap/cache/compiled.php:13238
Stack trace:
#0 /var/www/html/web/itemsApiGit/bootstrap/cache/compiled.php(7723): Illuminate\Encryption\Encrypter->__construct('', 'AES-256-CBC')
#1 /var/www/html/web/itemsApiGit/bootstrap/cache/compiled.php(1374): Illuminate\Encryption\EncryptionServiceProvider->Illuminate\Encryption\{closure}(Object(Illuminate\Foundation\Application), Array)
#2 /var/www/html/web/itemsApiGit/bootstrap/cache/compiled.php(1330): Illuminate\Container\Container->build(Object(Closure), Array)
#3 /var/www/html/web/itemsApiGit/bootstrap/cache/compiled.php(1908): Illuminate\Container\Container->make('encrypter', Array)
#4 /var/www/html/web/itemsApiGit/bootstrap/cache/compiled.php(1431): Illuminate\Foundation\Application->make('encrypter')
#5 /var/www/html/web/itemsApiGit/bootstrap/cache/compiled.php(1408): Illuminate\Container\Container->resolveClass(Object(ReflectionParameter))
#6 /var/www/html/web/itemsApiGit/bootstrap/cache/compiled.php(1394): Illuminate\Container\Container->getDependencies(Array, Array)
#7 /var/www/html/web/itemsApiGit/bootstrap/cache/compiled.php(1330): Illuminate\Container\Container->build('App\\Http\\Middle...', Array)
#8 /var/www/html/web/itemsApiGit/bootstrap/cache/compiled.php(1908): Illuminate\Container\Container->make('App\\Http\\Middle...', Array)
#9 /var/www/html/web/itemsApiGit/bootstrap/cache/compiled.php(9865): Illuminate\Foundation\Application->make('App\\Http\\Middle...')
#10 /var/www/html/web/itemsApiGit/vendor/laravel/framework/src/Illuminate/Routing/Pipeline.php(33): Illuminate\Pipeline\Pipeline->Illuminate\Pipeline\{closure}(Object(Illuminate\Http\Request))
#11 /var/www/html/web/itemsApiGit/bootstrap/cache/compiled.php(9855): Illuminate\Routing\Pipeline->Illuminate\Routing\{closure}(Object(Illuminate\Http\Request))
#12 /var/www/html/web/itemsApiGit/bootstrap/cache/compiled.php(8148): Illuminate\Pipeline\Pipeline->then(Object(Closure))
#13 /var/www/html/web/itemsApiGit/bootstrap/cache/compiled.php(8139): Illuminate\Routing\Router->runRouteWithinStack(Object(Illuminate\Routing\Route), Object(Illuminate\Http\Request))
#14 /var/www/html/web/itemsApiGit/bootstrap/cache/compiled.php(8130): Illuminate\Routing\Router->dispatchToRoute(Object(Illuminate\Http\Request))
#15 /var/www/html/web/itemsApiGit/bootstrap/cache/compiled.php(2472): Illuminate\Routing\Router->dispatch(Object(Illuminate\Http\Request))
#16 /var/www/html/web/itemsApiGit/vendor/laravel/framework/src/Illuminate/Routing/Pipeline.php(53): Illuminate\Foundation\Http\Kernel->Illuminate\Foundation\Http\{closure}(Object(Illuminate\Http\Request))
#17 /var/www/html/web/itemsApiGit/bootstrap/cache/compiled.php(3213): Illuminate\Routing\Pipeline->Illuminate\Routing\{closure}(Object(Illuminate\Http\Request))
#18 /var/www/html/web/itemsApiGit/bootstrap/cache/compiled.php(9870): Illuminate\Foundation\Http\Middleware\CheckForMaintenanceMode->handle(Object(Illuminate\Http\Request), Object(Closure))
#19 /var/www/html/web/itemsApiGit/vendor/laravel/framework/src/Illuminate/Routing/Pipeline.php(33): Illuminate\Pipeline\Pipeline->Illuminate\Pipeline\{closure}(Object(Illuminate\Http\Request))
#20 /var/www/html/web/itemsApiGit/bootstrap/cache/compiled.php(9855): Illuminate\Routing\Pipeline->Illuminate\Routing\{closure}(Object(Illuminate\Http\Request))
#21 /var/www/html/web/itemsApiGit/bootstrap/cache/compiled.php(2416): Illuminate\Pipeline\Pipeline->then(Object(Closure))
#22 /var/www/html/web/itemsApiGit/bootstrap/cache/compiled.php(2400): Illuminate\Foundation\Http\Kernel->sendRequestThroughRouter(Object(Illuminate\Http\Request))
#23 /var/www/html/web/itemsApiGit/public/index.php(53): Illuminate\Foundation\Http\Kernel->handle(Object(Illuminate\Http\Request))
#24 /var/www/html/web/itemsApiGit/server.php(21): require_once('/var/www/html/w...')
#25 {main}  
[2016-10-09 07:22:42] production.ERROR: RuntimeException: The only supported ciphers are AES-128-CBC and AES-256-CBC with the correct key lengths. in /var/www/html/web/itemsApiGit/bootstrap/cache/compiled.php:13238
Stack trace:
#0 /var/www/html/web/itemsApiGit/bootstrap/cache/compiled.php(7723): Illuminate\Encryption\Encrypter->__construct('', 'AES-256-CBC')
#1 /var/www/html/web/itemsApiGit/bootstrap/cache/compiled.php(1374): Illuminate\Encryption\EncryptionServiceProvider->Illuminate\Encryption\{closure}(Object(Illuminate\Foundation\Application), Array)
#2 /var/www/html/web/itemsApiGit/bootstrap/cache/compiled.php(1330): Illuminate\Container\Container->build(Object(Closure), Array)
#3 /var/www/html/web/itemsApiGit/bootstrap/cache/compiled.php(1908): Illuminate\Container\Container->make('encrypter', Array)
#4 /var/www/html/web/itemsApiGit/bootstrap/cache/compiled.php(1431): Illuminate\Foundation\Application->make('encrypter')
#5 /var/www/html/web/itemsApiGit/bootstrap/cache/compiled.php(1408): Illuminate\Container\Container->resolveClass(Object(ReflectionParameter))
#6 /var/www/html/web/itemsApiGit/bootstrap/cache/compiled.php(1394): Illuminate\Container\Container->getDependencies(Array, Array)
#7 /var/www/html/web/itemsApiGit/bootstrap/cache/compiled.php(1330): Illuminate\Container\Container->build('App\\Http\\Middle...', Array)
#8 /var/www/html/web/itemsApiGit/bootstrap/cache/compiled.php(1908): Illuminate\Container\Container->make('App\\Http\\Middle...', Array)
#9 /var/www/html/web/itemsApiGit/bootstrap/cache/compiled.php(2426): Illuminate\Foundation\Application->make('App\\Http\\Middle...')
#10 /var/www/html/web/itemsApiGit/public/index.php(58): Illuminate\Foundation\Http\Kernel->terminate(Object(Illuminate\Http\Request), Object(Illuminate\Http\Response))
#11 /var/www/html/web/itemsApiGit/server.php(21): require_once('/var/www/html/w...')
#12 {main}  
[2016-10-09 07:22:45] production.ERROR: RuntimeException: The only supported ciphers are AES-128-CBC and AES-256-CBC with the correct key lengths. in /var/www/html/web/itemsApiGit/bootstrap/cache/compiled.php:13238
Stack trace:
#0 /var/www/html/web/itemsApiGit/bootstrap/cache/compiled.php(7723): Illuminate\Encryption\Encrypter->__construct('', 'AES-256-CBC')
#1 /var/www/html/web/itemsApiGit/bootstrap/cache/compiled.php(1374): Illuminate\Encryption\EncryptionServiceProvider->Illuminate\Encryption\{closure}(Object(Illuminate\Foundation\Application), Array)
#2 /var/www/html/web/itemsApiGit/bootstrap/cache/compiled.php(1330): Illuminate\Container\Container->build(Object(Closure), Array)
#3 /var/www/html/web/itemsApiGit/bootstrap/cache/compiled.php(1908): Illuminate\Container\Container->make('encrypter', Array)
#4 /var/www/html/web/itemsApiGit/bootstrap/cache/compiled.php(1431): Illuminate\Foundation\Application->make('encrypter')
#5 /var/www/html/web/itemsApiGit/bootstrap/cache/compiled.php(1408): Illuminate\Container\Container->resolveClass(Object(ReflectionParameter))
#6 /var/www/html/web/itemsApiGit/bootstrap/cache/compiled.php(1394): Illuminate\Container\Container->getDependencies(Array, Array)
#7 /var/www/html/web/itemsApiGit/bootstrap/cache/compiled.php(1330): Illuminate\Container\Container->build('App\\Http\\Middle...', Array)
#8 /var/www/html/web/itemsApiGit/bootstrap/cache/compiled.php(1908): Illuminate\Container\Container->make('App\\Http\\Middle...', Array)
#9 /var/www/html/web/itemsApiGit/bootstrap/cache/compiled.php(9865): Illuminate\Foundation\Application->make('App\\Http\\Middle...')
#10 /var/www/html/web/itemsApiGit/vendor/laravel/framework/src/Illuminate/Routing/Pipeline.php(33): Illuminate\Pipeline\Pipeline->Illuminate\Pipeline\{closure}(Object(Illuminate\Http\Request))
#11 /var/www/html/web/itemsApiGit/bootstrap/cache/compiled.php(9855): Illuminate\Routing\Pipeline->Illuminate\Routing\{closure}(Object(Illuminate\Http\Request))
#12 /var/www/html/web/itemsApiGit/bootstrap/cache/compiled.php(8148): Illuminate\Pipeline\Pipeline->then(Object(Closure))
#13 /var/www/html/web/itemsApiGit/bootstrap/cache/compiled.php(8139): Illuminate\Routing\Router->runRouteWithinStack(Object(Illuminate\Routing\Route), Object(Illuminate\Http\Request))
#14 /var/www/html/web/itemsApiGit/bootstrap/cache/compiled.php(8130): Illuminate\Routing\Router->dispatchToRoute(Object(Illuminate\Http\Request))
#15 /var/www/html/web/itemsApiGit/bootstrap/cache/compiled.php(2472): Illuminate\Routing\Router->dispatch(Object(Illuminate\Http\Request))
#16 /var/www/html/web/itemsApiGit/vendor/laravel/framework/src/Illuminate/Routing/Pipeline.php(53): Illuminate\Foundation\Http\Kernel->Illuminate\Foundation\Http\{closure}(Object(Illuminate\Http\Request))
#17 /var/www/html/web/itemsApiGit/bootstrap/cache/compiled.php(3213): Illuminate\Routing\Pipeline->Illuminate\Routing\{closure}(Object(Illuminate\Http\Request))
#18 /var/www/html/web/itemsApiGit/bootstrap/cache/compiled.php(9870): Illuminate\Foundation\Http\Middleware\CheckForMaintenanceMode->handle(Object(Illuminate\Http\Request), Object(Closure))
#19 /var/www/html/web/itemsApiGit/vendor/laravel/framework/src/Illuminate/Routing/Pipeline.php(33): Illuminate\Pipeline\Pipeline->Illuminate\Pipeline\{closure}(Object(Illuminate\Http\Request))
#20 /var/www/html/web/itemsApiGit/bootstrap/cache/compiled.php(9855): Illuminate\Routing\Pipeline->Illuminate\Routing\{closure}(Object(Illuminate\Http\Request))
#21 /var/www/html/web/itemsApiGit/bootstrap/cache/compiled.php(2416): Illuminate\Pipeline\Pipeline->then(Object(Closure))
#22 /var/www/html/web/itemsApiGit/bootstrap/cache/compiled.php(2400): Illuminate\Foundation\Http\Kernel->sendRequestThroughRouter(Object(Illuminate\Http\Request))
#23 /var/www/html/web/itemsApiGit/public/index.php(53): Illuminate\Foundation\Http\Kernel->handle(Object(Illuminate\Http\Request))
#24 /var/www/html/web/itemsApiGit/server.php(21): require_once('/var/www/html/w...')
#25 {main}  
[2016-10-09 07:22:45] production.ERROR: RuntimeException: The only supported ciphers are AES-128-CBC and AES-256-CBC with the correct key lengths. in /var/www/html/web/itemsApiGit/bootstrap/cache/compiled.php:13238
Stack trace:
#0 /var/www/html/web/itemsApiGit/bootstrap/cache/compiled.php(7723): Illuminate\Encryption\Encrypter->__construct('', 'AES-256-CBC')
#1 /var/www/html/web/itemsApiGit/bootstrap/cache/compiled.php(1374): Illuminate\Encryption\EncryptionServiceProvider->Illuminate\Encryption\{closure}(Object(Illuminate\Foundation\Application), Array)
#2 /var/www/html/web/itemsApiGit/bootstrap/cache/compiled.php(1330): Illuminate\Container\Container->build(Object(Closure), Array)
#3 /var/www/html/web/itemsApiGit/bootstrap/cache/compiled.php(1908): Illuminate\Container\Container->make('encrypter', Array)
#4 /var/www/html/web/itemsApiGit/bootstrap/cache/compiled.php(1431): Illuminate\Foundation\Application->make('encrypter')
#5 /var/www/html/web/itemsApiGit/bootstrap/cache/compiled.php(1408): Illuminate\Container\Container->resolveClass(Object(ReflectionParameter))
#6 /var/www/html/web/itemsApiGit/bootstrap/cache/compiled.php(1394): Illuminate\Container\Container->getDependencies(Array, Array)
#7 /var/www/html/web/itemsApiGit/bootstrap/cache/compiled.php(1330): Illuminate\Container\Container->build('App\\Http\\Middle...', Array)
#8 /var/www/html/web/itemsApiGit/bootstrap/cache/compiled.php(1908): Illuminate\Container\Container->make('App\\Http\\Middle...', Array)
#9 /var/www/html/web/itemsApiGit/bootstrap/cache/compiled.php(2426): Illuminate\Foundation\Application->make('App\\Http\\Middle...')
#10 /var/www/html/web/itemsApiGit/public/index.php(58): Illuminate\Foundation\Http\Kernel->terminate(Object(Illuminate\Http\Request), Object(Illuminate\Http\Response))
#11 /var/www/html/web/itemsApiGit/server.php(21): require_once('/var/www/html/w...')
#12 {main}  
